
  .   ____          _            __ _ _
 /\\ / ___'_ __ _ _(_)_ __  __ _ \ \ \ \
( ( )\___ | '_ | '_| | '_ \/ _` | \ \ \ \
 \\/  ___)| |_)| | | | | || (_| |  ) ) ) )
  '  |____| .__|_| |_|_| |_\__, | / / / /
 =========|_|==============|___/=/_/_/_/
 :: Spring Boot ::                (v3.2.0)

2026-03-07T09:59:51.386+05:30  INFO 16852 --- [aqi-backend] [           main] c.e.aqi_backend.AqiBackendApplication    : Starting AqiBackendApplication v0.0.1-SNAPSHOT using Java 21.0.10 with PID 16852 (C:\Users\Fahad\Desktop\my works\Java AP project\AQI-Risk-Assessment\homepage_backend\target\aqi-backend-0.0.1-SNAPSHOT.jar started by Fahad in C:\Users\Fahad\Desktop\my works\Java AP project\AQI-Risk-Assessment\aqi-frontend)
2026-03-07T09:59:51.389+05:30  INFO 16852 --- [aqi-backend] [           main] c.e.aqi_backend.AqiBackendApplication    : No active profile set, falling back to 1 default profile: "default"
2026-03-07T09:59:53.070+05:30  INFO 16852 --- [aqi-backend] [           main] o.s.b.w.embedded.tomcat.TomcatWebServer  : Tomcat initialized with port 8080 (http)
2026-03-07T09:59:53.078+05:30  INFO 16852 --- [aqi-backend] [           main] o.apache.catalina.core.StandardService   : Starting service [Tomcat]
2026-03-07T09:59:53.078+05:30  INFO 16852 --- [aqi-backend] [           main] o.apache.catalina.core.StandardEngine    : Starting Servlet engine: [Apache Tomcat/10.1.16]
2026-03-07T09:59:53.118+05:30  INFO 16852 --- [aqi-backend] [           main] o.a.c.c.C.[Tomcat].[localhost].[/]       : Initializing Spring embedded WebApplicationContext
2026-03-07T09:59:53.119+05:30  INFO 16852 --- [aqi-backend] [           main] w.s.c.ServletWebServerApplicationContext : Root WebApplicationContext: initialization completed in 1660 ms
2026-03-07T09:59:54.174+05:30  INFO 16852 --- [aqi-backend] [           main] o.s.b.a.e.web.EndpointLinksResolver      : Exposing 1 endpoint(s) beneath base path '/actuator'
2026-03-07T09:59:54.275+05:30  INFO 16852 --- [aqi-backend] [           main] o.s.b.w.embedded.tomcat.TomcatWebServer  : Tomcat started on port 8080 (http) with context path ''
2026-03-07T09:59:54.286+05:30  INFO 16852 --- [aqi-backend] [           main] c.e.aqi_backend.AqiBackendApplication    : Started AqiBackendApplication in 3.459 seconds (process running for 4.124)
2026-03-07T09:59:54.511+05:30  INFO 16852 --- [aqi-backend] [nio-8080-exec-1] o.a.c.c.C.[Tomcat].[localhost].[/]       : Initializing Spring DispatcherServlet 'dispatcherServlet'
2026-03-07T09:59:54.511+05:30  INFO 16852 --- [aqi-backend] [nio-8080-exec-1] o.s.web.servlet.DispatcherServlet        : Initializing Servlet 'dispatcherServlet'
2026-03-07T09:59:54.512+05:30  INFO 16852 --- [aqi-backend] [nio-8080-exec-1] o.s.web.servlet.DispatcherServlet        : Completed initialization in 1 ms
2026-03-07T09:59:54.565+05:30  INFO 16852 --- [aqi-backend] [nio-8080-exec-1] com.zaxxer.hikari.HikariDataSource       : HikariPool-1 - Starting...
2026-03-07T09:59:55.412+05:30  INFO 16852 --- [aqi-backend] [nio-8080-exec-1] com.zaxxer.hikari.pool.HikariPool        : HikariPool-1 - Added connection org.postgresql.jdbc.PgConnection@3eea82b3
2026-03-07T09:59:55.420+05:30  INFO 16852 --- [aqi-backend] [nio-8080-exec-1] com.zaxxer.hikari.HikariDataSource       : HikariPool-1 - Start completed.
=== Geocode URL: https://api.openweathermap.org/geo/1.0/direct?q=Kochi,IN&limit=1&appid=3d543d0636a4950860b22999f5301793
=== Geocoded: Kochi -> 9.931308,76.2674136
=== Weather: temp=27.37 humidity=76.0 wind=4.14
=== Pollution response: {"coord":{"lon":76.2674,"lat":9.9313},"list":[{"main":{"aqi":3},"components":{"co":149.63,"no":0.03,"no2":0.28,"o3":73.03,"so2":0.52,"pm2_5":25.98,"pm10":31,"nh3":0},"dt":1772857376}]}
=== Pollutants (Ág/m│): pm25=25.98 pm10=31.0 no2=0.28 o3=73.03
=== CPCB Sub-indices: {no2=0.35000000000000003, pm25=43.300000000000004, o3=73.5694, so2=0.65, pm10=31.0, co=7.4815}
=== Final CPCB AQI: 74
=== Geocode URL: https://api.openweathermap.org/geo/1.0/direct?q=New+Delhi,IN&limit=1&appid=3d543d0636a4950860b22999f5301793
=== Geocoded: New Delhi -> 28.6138954,77.2090057
=== Weather: temp=26.73 humidity=21.0 wind=4.104
=== Pollution response: {"coord":{"lon":77.209,"lat":28.6139},"list":[{"main":{"aqi":5},"components":{"co":594.56,"no":4.35,"no2":12.26,"o3":42.15,"so2":3.82,"pm2_5":84.48,"pm10":137.32,"nh3":27.35},"dt":1772857722}]}
=== Pollutants (Ág/m│): pm25=84.48 pm10=137.32 no2=12.26 o3=42.15
=== CPCB Sub-indices: {no2=15.325, pm25=181.784, o3=42.15, so2=4.7749999999999995, pm10=125.63119999999999, co=29.727999999999998}
=== Final CPCB AQI: 182
=== Geocode URL: https://api.openweathermap.org/geo/1.0/direct?q=Delhi,IN&limit=1&appid=3d543d0636a4950860b22999f5301793
=== Geocoded: Delhi -> 28.6517178,77.2219388
=== Weather: temp=29.19 humidity=18.0 wind=3.636
=== Pollution response: {"coord":{"lon":77.2219,"lat":28.6517},"list":[{"main":{"aqi":5},"components":{"co":580.39,"no":3.36,"no2":10.55,"o3":62.74,"so2":3.95,"pm2_5":88.7,"pm10":141.08,"nh3":24.35},"dt":1772858927}]}
=== Pollutants (Ág/m│): pm25=88.7 pm10=141.08 no2=10.55 o3=62.74
=== CPCB Sub-indices: {no2=13.1875, pm25=195.71, o3=63.485200000000006, so2=4.9375, pm10=128.11280000000002, co=29.019499999999997}
=== Final CPCB AQI: 196
2026-03-07T10:27:58.787+05:30  WARN 16852 --- [aqi-backend] [l-1 housekeeper] com.zaxxer.hikari.pool.HikariPool        : HikariPool-1 - Thread starvation or clock leap detected (housekeeper delta=2m35s736ms684┬Ás700ns).
2026-03-07T15:52:21.755+05:30  WARN 16852 --- [aqi-backend] [l-1 housekeeper] com.zaxxer.hikari.pool.HikariPool        : HikariPool-1 - Thread starvation or clock leap detected (housekeeper delta=16m52s124ms616┬Ás).
